<?xml version="1.0" encoding="UTF-8"?>
<!-- Generated by org.testng.reporters.JUnitReportReporter -->
<testsuite hostname="holbmac0323" name="com.smartshop.appiumtests.Appium_Tests.tests.TestTrolley" tests="1" failures="0" timestamp="17 Aug 2016 10:45:53 GMT" time="261.540" errors="0">
  <testcase name="testscan" time="261.540" classname="com.smartshop.appiumtests.Appium_Tests.tests.TestTrolley"/>
</testsuite> <!-- com.smartshop.appiumtests.Appium_Tests.tests.TestTrolley -->
