<?xml version="1.0" encoding="UTF-8"?>
<!-- Generated by org.testng.reporters.JUnitReportReporter -->
<testsuite hostname="holbmac0323" name="com.smartshop.appiumtests.Appium_Tests.tests.TestListinUse" tests="1" failures="0" timestamp="17 Aug 2016 09:43:58 GMT" time="101.304" errors="0">
  <testcase name="listinUse" time="101.304" classname="com.smartshop.appiumtests.Appium_Tests.tests.TestListinUse"/>
</testsuite> <!-- com.smartshop.appiumtests.Appium_Tests.tests.TestListinUse -->
