<?xml version="1.0" encoding="UTF-8"?>
<!-- Generated by org.testng.reporters.JUnitReportReporter -->
<testsuite hostname="holbmac0323" name="com.smartshop.appiumtests.Appium_Tests.tests.TestMenu" tests="1" failures="0" timestamp="17 Aug 2016 09:43:57 GMT" time="101.549" errors="0">
  <testcase name="testMenu" time="101.549" classname="com.smartshop.appiumtests.Appium_Tests.tests.TestMenu"/>
</testsuite> <!-- com.smartshop.appiumtests.Appium_Tests.tests.TestMenu -->
