<?xml version="1.0" encoding="UTF-8"?>
<!-- Generated by org.testng.reporters.JUnitReportReporter -->
<testsuite hostname="holbmac0323" name="com.smartshop.appiumtests.Appium_Tests.tests.TestEmptyListLongpress" tests="1" failures="0" timestamp="17 Aug 2016 09:43:58 GMT" time="174.109" errors="0">
  <testcase name="testEmptyListLongpress" time="174.109" classname="com.smartshop.appiumtests.Appium_Tests.tests.TestEmptyListLongpress"/>
</testsuite> <!-- com.smartshop.appiumtests.Appium_Tests.tests.TestEmptyListLongpress -->
