<?xml version="1.0" encoding="UTF-8"?>
<!-- Generated by org.testng.reporters.JUnitReportReporter -->
<testsuite hostname="holbmac0323" name="com.smartshop.appiumtests.Appium_Tests.tests.TestStartShopping" tests="1" failures="0" timestamp="17 Aug 2016 10:40:25 GMT" time="246.905" errors="0">
  <testcase name="startshopping" time="246.905" classname="com.smartshop.appiumtests.Appium_Tests.tests.TestStartShopping"/>
</testsuite> <!-- com.smartshop.appiumtests.Appium_Tests.tests.TestStartShopping -->
