<?xml version="1.0" encoding="UTF-8"?>
<!-- Generated by org.testng.reporters.JUnitReportReporter -->
<testsuite hostname="holbmac0323" name="com.smartshop.appiumtests.Appium_Tests.tests.TestMenulist" tests="1" failures="0" timestamp="17 Aug 2016 09:43:57 GMT" time="99.043" errors="0">
  <testcase name="menulist" time="99.043" classname="com.smartshop.appiumtests.Appium_Tests.tests.TestMenulist"/>
</testsuite> <!-- com.smartshop.appiumtests.Appium_Tests.tests.TestMenulist -->
