<?xml version="1.0" encoding="UTF-8"?>
<!-- Generated by org.testng.reporters.JUnitReportReporter -->
<testsuite hostname="holbmac0323" name="com.smartshop.appiumtests.Appium_Tests.tests.TestForgotPassword" tests="1" failures="0" timestamp="17 Aug 2016 09:43:58 GMT" time="68.094" errors="0">
  <testcase name="ForgotPassword" time="68.094" classname="com.smartshop.appiumtests.Appium_Tests.tests.TestForgotPassword"/>
</testsuite> <!-- com.smartshop.appiumtests.Appium_Tests.tests.TestForgotPassword -->
