<?xml version="1.0" encoding="UTF-8"?>
<!-- Generated by org.testng.reporters.JUnitReportReporter -->
<testsuite hostname="SANDEEPs-MacBook-Pro-2.local" name="Com.smartshop2.Appium_SmartTests2.tests.TestInvalidLogin" tests="1" failures="0" timestamp="16 Jun 2017 14:52:09 GMT" time="136.188" errors="0">
  <testcase name="tetsinvalidlogin" time="136.188" classname="Com.smartshop2.Appium_SmartTests2.tests.TestInvalidLogin"/>
</testsuite> <!-- Com.smartshop2.Appium_SmartTests2.tests.TestInvalidLogin -->
