<?xml version="1.0" encoding="UTF-8"?>
<!-- Generated by org.testng.reporters.JUnitReportReporter -->
<testsuite hostname="holbmac0323" name="com.smartshop.appiumtests.Appium_Tests.tests.TestLogin" tests="1" failures="0" timestamp="26 Sep 2016 15:29:46 GMT" time="79.888" errors="0">
  <testcase name="testLogin" time="79.888" classname="com.smartshop.appiumtests.Appium_Tests.tests.TestLogin"/>
</testsuite> <!-- com.smartshop.appiumtests.Appium_Tests.tests.TestLogin -->
