<?xml version="1.0" encoding="UTF-8"?>
<!-- Generated by org.testng.reporters.JUnitReportReporter -->
<testsuite hostname="holbmac0323" name="com.smartshop.appiumtests.Appium_Tests.tests.TestPayfromCreatelist" tests="1" failures="0" timestamp="17 Aug 2016 10:08:24 GMT" time="150.213" errors="0">
  <testcase name="payfromcreatelist" time="150.213" classname="com.smartshop.appiumtests.Appium_Tests.tests.TestPayfromCreatelist"/>
</testsuite> <!-- com.smartshop.appiumtests.Appium_Tests.tests.TestPayfromCreatelist -->
