<?xml version="1.0" encoding="UTF-8"?>
<!-- Generated by org.testng.reporters.JUnitReportReporter -->
<testsuite hostname="holbmac0323" name="com.smartshop.appiumtests.Appium_Tests.tests.TestListEmpty" tests="1" failures="0" timestamp="17 Aug 2016 09:43:58 GMT" time="171.900" errors="0">
  <testcase name="test" time="171.900" classname="com.smartshop.appiumtests.Appium_Tests.tests.TestListEmpty"/>
</testsuite> <!-- com.smartshop.appiumtests.Appium_Tests.tests.TestListEmpty -->
