<?xml version="1.0" encoding="UTF-8"?>
<!-- Generated by org.testng.reporters.JUnitReportReporter -->
<testsuite hostname="holbmac0323" name="com.smartshop.appiumtests.Appium_Tests.tests.TestReginterest" tests="1" failures="0" timestamp="17 Aug 2016 09:43:57 GMT" time="118.665" errors="0">
  <testcase name="Reginterest" time="118.665" classname="com.smartshop.appiumtests.Appium_Tests.tests.TestReginterest"/>
</testsuite> <!-- com.smartshop.appiumtests.Appium_Tests.tests.TestReginterest -->
