<?xml version="1.0" encoding="UTF-8"?>
<!-- Generated by org.testng.reporters.JUnitReportReporter -->
<testsuite hostname="holbmac0323" name="com.smartshop.appiumtests.Appium_Tests.tests.Testshopinstore" tests="1" failures="0" timestamp="17 Aug 2016 10:49:20 GMT" time="183.653" errors="0">
  <testcase name="testShopInStore" time="183.653" classname="com.smartshop.appiumtests.Appium_Tests.tests.Testshopinstore"/>
</testsuite> <!-- com.smartshop.appiumtests.Appium_Tests.tests.Testshopinstore -->
