<?xml version="1.0" encoding="UTF-8"?>
<!-- Generated by org.testng.reporters.JUnitReportReporter -->
<testsuite hostname="holbmac0323" name="com.smartshop.appiumtests.Appium_Tests.tests.TestScan" tests="1" failures="0" timestamp="17 Aug 2016 09:43:57 GMT" time="237.653" errors="0">
  <testcase name="testscan" time="237.653" classname="com.smartshop.appiumtests.Appium_Tests.tests.TestScan"/>
</testsuite> <!-- com.smartshop.appiumtests.Appium_Tests.tests.TestScan -->
