<?xml version="1.0" encoding="UTF-8"?>
<!-- Generated by org.testng.reporters.JUnitReportReporter -->
<testsuite hostname="holbmac0323" name="com.smartshop.appiumtests.Appium_Tests.tests.TestChangeName" tests="1" failures="0" timestamp="17 Aug 2016 09:43:57 GMT" time="90.672" errors="0">
  <testcase name="ChangeName" time="90.672" classname="com.smartshop.appiumtests.Appium_Tests.tests.TestChangeName"/>
</testsuite> <!-- com.smartshop.appiumtests.Appium_Tests.tests.TestChangeName -->
