<?xml version="1.0" encoding="UTF-8"?>
<!-- Generated by org.testng.reporters.JUnitReportReporter -->
<testsuite hostname="holbmac0323" name="com.smartshop.appiumtests.Appium_Tests.tests.TestAddproductdetails" tests="1" failures="0" timestamp="17 Aug 2016 10:05:02 GMT" time="245.358" errors="0">
  <testcase name="addproductdetails" time="245.358" classname="com.smartshop.appiumtests.Appium_Tests.tests.TestAddproductdetails"/>
</testsuite> <!-- com.smartshop.appiumtests.Appium_Tests.tests.TestAddproductdetails -->
